[Kamigami] Kidou Senshi Gundam UC Unicorn - 01 [BD 1920x1080 x264 AAC Sub(JP,EN,FR,SP,CH)].mkv
[Kamigami] Kidou Senshi Gundam UC Unicorn - 02 [BD 1920x1080 x264 AAC Sub(JP,EN,FR,SP,CH)].mkv
[Kamigami] Kidou Senshi Gundam UC Unicorn - 03 [BD 1920x1080 x264 AAC Sub(JP,EN,FR,SP,CH)].mkv
[Kamigami] Nekomonogatari (Kuro) - NCOP (BD x264 1920×1080 FLAC).mkv
[Kamigami] Nekomonogatari (Kuro) - PV [BD x264 1920×1080 FLAC Sub(GB,Big5,Jap).mkv
[Kamigami] Ore no Imouto ga Konna ni Kawaii Wake ga Nai - 01 [BD 1920x1080 x264 FLAC Sub(GB,Big5,Jap)].mkv
[Kamigami] Ore no Imouto ga Konna ni Kawaii Wake ga Nai - 02 [BD 1920x1080 x264 FLAC Sub(GB,Big5,Jap)].mkv
[Kamigami] Ore no Imouto ga Konna ni Kawaii Wake ga Nai - 10 [BD 1920x1080 x264 FLAC Sub(GB,Big5,Jap)].mkv
[Kamigami] Ore no Imouto ga Konna ni Kawaii Wake ga Nai - 13 [BD 1920x1080 x264 FLAC Sub(GB,Big5,Jap)].mkv
[Kamigami] Ore no Imouto ga Konna ni Kawaii Wake ga Nai S2 - 02 [1280x720 x264 AAC Sub(GB,Big5,Jap)] (1).mkv
[Kamigami] Ore no Imouto ga Konna ni Kawaii Wake ga Nai S2 - 10 [1280x720 x264 AAC Sub(GB,Big5,Jap)].mkv
[Kamigami] Ore no Imouto ga Konna ni Kawaii Wake ga Nai S2 - 11 [1280x720 x264 AAC Sub(GB,Big5,Jap)] (1).mkv
[Kamigami] Ore no Imouto ga Konna ni Kawaii Wake ga Nai S2 - 11 [1280x720 x264 AAC Sub(GB,Big5,Jap)].mkv
[Kamigami] Ore no Imouto ga Konna ni Kawaii Wake ga Nai S2 - 12 [1280x720 x264 AAC Sub(GB,Big5,Jap)].mkv
[Kamigami] Ore no Imouto ga Konna ni Kawaii Wake ga Nai S2 - 15 [1280x720 x264 AAC Sub(GB,Big5,Jap)].mkv
[Kamigami] Ore no Imouto ga Konna ni Kawaii Wake ga Nai S2 - 16 [1280x720 x264 AAC Sub(GB,Big5,Jap)].mkv
[Kamigami] Sasami-san at Ganbaranai - 03v2 [1280x720 x264 AAC Sub(CH,JP)].mkv
[Kamigami] Senyuu - 07 [1920×1080 x264 AAC Sub(GB,BIG5,JP)].mkv
[Kamigami] Senyuu - 11 [1920×1080 x264 AAC Sub(GB,BIG5,JP)].mkv
[Kamigami] Chouyaku Hakuninisshu Utakoi - 02v2 [1280x720 x264 AAC Sub(GB,BIG5,JP)].mkv
[Kamigami] Chouyaku Hakuninisshu Utakoi - 03v2 [1280x720 x264 AAC Sub(GB,BIG5,JP)].mkv
[Kamigami] Chouyaku Hakuninisshu Utakoi - 06v2 [1280x720 x264 AAC Sub(GB,BIG5,JP)].mkv
[Kamigami] Chouyaku Hakuninisshu Utakoi - 08v2 [1280x720 x264 AAC Sub(GB,BIG5,JP)].mkv
[Kamigami] Chouyaku Hakuninisshu Utakoi - 11v2 [1280x720 x264 AAC Sub(GB,BIG5,JP)].mkv
[Kamigami] The World Heritage - sora kara mita nihon Ⅰ bunka isan no subete [TBS 720p x264 AAC Sub(Chs,Jap)]..mkv
[Kamigami] Ano Hi Mita Hana no Namae o Bokutachi wa Mada Shiranai - 01 (BD 1920x1080 x264 FLAC).mkv
[Kamigami] Ano Hi Mita Hana no Namae o Bokutachi wa Mada Shiranai - 07 (BD 1920x1080 x264 FLAC).mkv
[Kamigami] JoJo no Kimyou na Bouken - 23 [x264 1280x720 AAC Sub(Chs,Jap)].mkv
[Kamigami] Little Busters! - 07 [1280x720 x264 AAC Sub(GB,BIG5,JP)].mkv
[Kamigami] Little Busters! - 09 [1280x720 x264 AAC Sub(GB,BIG5,JP)].mkv
[Kamigami] Little Busters! - 12 [1280x720 x264 AAC Sub(GB,BIG5,JP)].mkv
[Kamigami] Little Busters! - 17 [1280x720 x264 AAC Sub(GB,BIG5,JP)].mkv
[Kamigami] Maoyuu Maou Yuusha - 01 [1280x720 x264 AAC Sub(CH,JP)].mkv
[Kamigami] Maoyuu Maou Yuusha - 02 [1280x720 x264 AAC Sub(CH,JP)].mkv
[Kamigami] Maoyuu Maou Yuusha - 05 [1280x720 x264 AAC Sub(CH,JP)].mkv
[Kamigami] Maoyuu Maou Yuusha - 06 [1280x720 x264 AAC Sub(CH,JP)].mkv
[Kamigami] Maoyuu Maou Yuusha - 07 [1280x720 x264 AAC Sub(CH,JP)].mkv
[Kamigami] Maoyuu Maou Yuusha - 08 [1280x720 x264 AAC Sub(CH,JP)].mkv
[Kamigami] Maoyuu Maou Yuusha - 09 [1280x720 x264 AAC Sub(CH,JP)].mkv
[Kamigami] Maoyuu Maou Yuusha - 10 [1280x720 x264 AAC Sub(CH,JP)].mkv
[Kamigami] Maoyuu Maou Yuusha - 11 [1280x720 x264 AAC Sub(CH,JP)].mkv
[Kamigami] Maoyuu Maou Yuusha - 12 [1280x720 x264 AAC Sub(CH,JP)].mkv
[Kamigami] Maoyuu Maou Yuusha - 9.5 [1280x720 x264 AAC Sub(CH,JP)].mkv
[Kamigami] MazinKaiser - 05 [DVD 1280×720 x264 FLAC Sub-Big5].mkv
[Kamigami] Starry Tales [DVD x264 848×480 AC-3 Sub(Chs,Cht,Jap)].mkv
[Kamigami] The World Heritage - Reikou Kyuushigai - Hushigi na Emonji ga ikiru Hikyou [TBS 1280×720 x264 AAC Sub(Chs,Jap)].mkv
[Kamigami] Boku wa Tomodachi ga Sukunai Next - 02 [1280x720 x264 AAC Sub(CH,JP)].mkv
[Kamigami] Boku wa Tomodachi ga Sukunai Next - 03 [1280x720 x264 AAC Sub(CH,JP)].mkv
[Kamigami] Boku wa Tomodachi ga Sukunai Next - 05 [1280x720 x264 AAC Sub(CH,JP)].mkv
[Kamigami] Boku wa Tomodachi ga Sukunai Next - 06 [1280x720 x264 AAC Sub(CH,JP)].mkv
[Kamigami] Boku wa Tomodachi ga Sukunai Next - 08 [1280x720 x264 AAC Sub(CH,JP)].mkv
[Kamigami] Boku wa Tomodachi ga Sukunai Next - 10 [1280x720 x264 AAC Sub(CH,JP)].mkv
[Kamigami] Elfen_Lied - 01 [BD 1280x720 x264 AAC Sub(Chs,Cht,Jap)].mkv
[Kamigami] Elfen_Lied - 02 [BD 1280x720 x264 AAC Sub(Chs,Cht,Jap)].mkv
[Kamigami] Elfen_Lied - 03 [BD 1280x720 x264 AAC Sub(Chs,Cht,Jap)].mkv
[Kamigami] Elfen_Lied - 04 [BD 1280x720 x264 AAC Sub(Chs,Cht,Jap)].mkv
[Kamigami] Elfen_Lied - 05 [BD 1280x720 x264 AAC Sub(Chs,Cht,Jap)].mkv
[Kamigami] Elfen_Lied - 06 [BD 1280x720 x264 AAC Sub(Chs,Cht,Jap)].mkv
[Kamigami] Elfen_Lied - 07 [BD 1280x720 x264 AAC Sub(Chs,Cht,Jap)].mkv
[Kamigami] Elfen_Lied - 08 [BD 1280x720 x264 AAC Sub(Chs,Cht,Jap)].mkv
[Kamigami] Elfen_Lied - 09 [BD 1280x720 x264 AAC Sub(Chs,Cht,Jap)].mkv
[Kamigami] Elfen_Lied - 10 [BD 1280x720 x264 AAC Sub(Chs,Cht,Jap)].mkv
[Kamigami] Elfen_Lied - 11 [BD 1280x720 x264 AAC Sub(Chs,Cht,Jap)].mkv
[Kamigami] Elfen_Lied - 12 [BD 1280x720 x264 AAC Sub(Chs,Cht,Jap)].mkv
[Kamigami] Elfen_Lied - 13 [BD 1280x720 x264 AAC Sub(Chs,Cht,Jap)].mkv
[Kamigami] Elfen_Lied - Special [BD 1280x720 x264 AAC Sub(Chs,Cht,Jap)].mkv
[Kamigami] Hakkenden-Toho hakken ibun - 09 [1280x720 x264 AAC Sub(Chi,Jap)].mkv
[Kamigami] Hakkenden-Toho hakken ibun - 13 [1280x720 x264 AAC Sub(Chi,Jap)].mkv
[Kamigami] IS Infinite Stratos - 02 (BD 1920x1080 x264 FLAC).mkv
[Kamigami] IS Infinite Stratos - 03 (BD 1920x1080 x264 FLAC).mkv
[Kamigami] IS Infinite Stratos - 07 (BD 1920x1080 x264 FLAC).mkv
[Kamigami] IS Infinite Stratos - 11 (BD 1920x1080 x264 FLAC).mkv
[Kamigami] Robotics;Notes - 11 [1280x720 x264 AAC Sub (GB,BIG5,JP)].mkv
[Kamigami] Robotics;Notes - 01 [1280x720 x264 AAC Sub (GB,BIG5,JP)].mkv
[Kamigami] Robotics;Notes - 02 [1280x720 x264 AAC Sub (GB,BIG5,JP)].mkv
[Kamigami] Robotics;Notes - 03 [1280x720 x264 AAC Sub (GB,BIG5,JP)].mkv
[Kamigami] Robotics;Notes - 05 [1280x720 x264 AAC Sub (GB,BIG5,JP)].mkv
[Kamigami] Robotics;Notes - 09v2 [1280x720 x264 AAC Sub (GB,BIG5,JP)].mkv
[Kamigami] Robotics;Notes - 10v2 [1280x720 x264 AAC Sub (GB,BIG5,JP)].mkv
[Kamigami] Robotics;Notes - 12 [1280x720 x264 AAC Sub (GB,BIG5,JP)].mkv
[Kamigami] Robotics;Notes - 14 [1280x720 x264 AAC Sub (GB,BIG5,JP)].mkv
[Kamigami] Robotics;Notes - 21 [1280x720 x264 AAC Sub (GB,BIG5,JP)].mkv
[Kamigami] The World Heritage - sora kara mita nihon Ⅱ bunka isan no subete [TBS 720p x264 AAC Sub(Chs,Jap)]..mkv
[Kamigami] Elfen_Lied - 01 [BD 1920x1080 x264 DTS-HD(5.1ch,2.0ch,Jap,Eng) Sub(Chs,Cht,Jap,Eng)].mkv
[Kamigami] Elfen_Lied - 04 [BD 1920x1080 x264 DTS-HD(5.1ch,2.0ch,Jap,Eng) Sub(Chs,Cht,Jap,Eng)].mkv
[Kamigami] Elfen_Lied - 13 [BD 1920x1080 x264 DTS-HD(5.1ch,2.0ch,Jap,Eng) Sub(Chs,Cht,Jap,Eng)].mkv
[Kamigami] Elfen_Lied - Special [BD 1920x1080 x264 DTS-HD(5.1ch,2.0ch) Sub(Chs,Cht,Jap,Eng)].mkv
[Kamigami] Initial D Fifth Stage - 05 [DVD x264 480p AC3(5.1ch) Sub(CH,JP)].mkv
[Kamigami] Karneval - 06 [1280x720 x264 AAC Sub(CHi,Jap)].mkv
[Kamigami] Karneval - 08 [1280x720 x264 AAC Sub(CHi,Jap)].mkv
[Kamigami] mawaru penguindrum - 03 [x264 1280x720 AAC Sub(CH,JP)].mkv
[Kamigami] mawaru penguindrum - 06 [x264 1280x720 AAC Sub(CH,JP)].mkv
[Kamigami] mawaru penguindrum - 13 [x264 1280x720 AAC Sub(CH,JP)].mkv
[Kamigami] mawaru penguindrum - 14 [x264 1280x720 AAC Sub(CH,JP)].mkv
[Kamigami] mawaru penguindrum - 15 [x264 1280x720 AAC Sub(CH,JP)].mkv
[Kamigami] mawaru penguindrum - 20 [x264 1280x720 AAC Sub(CH,JP)].mkv
[Kamigami] mawaru penguindrum - 21 [x264 1280x720 AAC Sub(CH,JP)].mkv
[Kamigami] mawaru penguindrum - 23 [x264 1280x720 AAC Sub(CH,JP)].mkv
[Kamigami] Nekomonogatari (Kuro) - Menu (BD x264 1920×1080 FLAC).mkv
[Kamigami] Boku wa Tomodachi ga Sukunai Next - 02 [1280x720 x264 AAC Sub(CH,JP)].mkv
[Kamigami] Boku wa Tomodachi ga Sukunai Next - 03 [1280x720 x264 AAC Sub(CH,JP)].mkv
[Kamigami] Bakuman 3 - 14 [1280x720 x264 AAC Sub(GB,BIG5,JP)].mkv
[Kamigami] Bakuman 3 - 02 [1280x720 x264 AAC Sub(GB,BIG5,JP)].mkv
[Kamigami] Bakuman 3 - 04 [1280x720 x264 AAC Sub(GB,BIG5,JP)].mkv
[Kamigami] Bakuman 3 - 05 [1280x720 x264 AAC Sub(GB,BIG5,JP)].mkv
[Kamigami] Bakuman 3 - 06 [1280x720 x264 AAC Sub(GB,BIG5,JP)].mkv
[Kamigami] Bakuman 3 - 07 [1280x720 x264 AAC Sub(GB,BIG5,JP)].mkv
[Kamigami] Bakuman 3 - 08 [1280x720 x264 AAC Sub(GB,BIG5,JP)].mkv
[Kamigami] Bakuman 3 - 09 [1280x720 x264 AAC Sub(GB,BIG5,JP)].mkv
[Kamigami] Bakuman 3 - 11 [1280x720 x264 AAC Sub(GB,BIG5,JP)].mkv
[Kamigami] Bakuman 3 - 12 [1280x720 x264 AAC Sub(GB,BIG5,JP)].mkv
[Kamigami] Bakuman 3 - 13 [1280x720 x264 AAC Sub(GB,BIG5,JP)].mkv
[Kamigami] Bakuman 3 - 15 [1280x720 x264 AAC Sub(GB,BIG5,JP)].mkv
[Kamigami] Bakuman 3 - 17 [1280x720 x264 AAC Sub(GB,BIG5,JP)].mkv
[Kamigami] Bakuman 3 - 18 [1280x720 x264 AAC Sub(GB,BIG5,JP)].mkv
[Kamigami] Bakuman 3 - 19 [1280x720 x264 AAC Sub(GB,BIG5,JP)].mkv
[Kamigami] Bakuman 3 - 21 [1280x720 x264 AAC Sub(GB,BIG5,JP)].mkv
[Kamigami] Bakuman 3 - 22 [1280x720 x264 AAC Sub(GB,BIG5,JP)].mkv
[Kamigami] Bakuman 3 - 23 [1280x720 x264 AAC Sub(GB,BIG5,JP)].mkv
[Kamigami] Bakuman 3 - 24 [1280x720 x264 AAC Sub(GB,BIG5,JP)].mkv
[Kamigami] RDG Red Data Girl - 01 [1280x720 x264 AAC Sub(GB,Big5,Jap).mkv
[Kamigami] Shirokuma Cafe - 17 [1280x720 x264 AAC Sub(GB,BIG5,JP).mkv
[Kamigami] Shirokuma Cafe - 42 [1280x720 x264 AAC Sub(GB,BIG5,JP).mkv
[Kamigami] Shirokuma Cafe - 44 [1280x720 x264 AAC Sub(GB,BIG5,JP).mkv
[Kamigami] Shirokuma Cafe - 47 [1280x720 x264 AAC Sub(GB,BIG5,JP).mkv
[Kamigami] Shirokuma Cafe - 19 [1280x720 x264 AAC Sub(GB,BIG5,JP).mkv
[Kamigami] Shirokuma Cafe - 36 [1280x720 x264 AAC Sub(GB,BIG5,JP).mkv
[Kamigami] Tari Tari - 02 [BD 1920x1080 x264 AAC Sub(Chi,Jap)].mkv
[Kamigami] Tari Tari - 03 [BD 1920x1080 x264 AAC Sub(Chi,Jap)].mkv
[Kamigami] Tari Tari - 11 [BD 1920x1080 x264 AAC Sub(Chi,Jap)].mkv
[Kamigami] The Garden of Words -Kotonoha no Niwa [BD x264 1920×1080 FLAC(5.1ch,2.0ch) Sub(Cht,Jap,Eng)].mkv
[诸神字幕组][TBS][世界遗产][20160911 要塞城市昆卡].mkv
[Kamigami] Sakamichi no Apollon - 02 (BD 1920x1080 x264 FLAC).mkv
[Kamigami] Sakamichi no Apollon - 09 (BD 1920x1080 x264 FLAC).mkv
[Kamigami] Sakamichi no Apollon - 12 (BD 1920x1080 x264 FLAC).mkv
[Kamigami] The Super Dimension Fortress Macross 01-04 [DVD x264 480p AC-3(Can,Jap) Sub(GB,Big5)].mkv
[Kamigami] The Super Dimension Fortress Macross 05-08 [DVD x264 480p AC-3(Can,Jap) Sub(GB,Big5)].mkv
[Kamigami] The Super Dimension Fortress Macross 09-12 [DVD x264 480p AC-3(Can,Jap) Sub(GB,Big5)].mkv
[Kamigami] The Super Dimension Fortress Macross 17-20 [DVD x264 480p AC-3(Can,Jap) Sub(GB,Big5)].mkv
[Kamigami] The Super Dimension Fortress Macross 21-24 [DVD x264 480p AC-3(Can,Jap) Sub(GB,Big5)].mkv
[Kamigami] The Super Dimension Fortress Macross 25-28 [DVD x264 480p AC-3(Can,Jap) Sub(GB,Big5)].mkv
[Kamigami] The Super Dimension Fortress Macross 29-32 [DVD x264 480p AC-3(Can,Jap) Sub(GB,Big5)].mkv
[Kamigami] Tamako Market - 05 [1280x720 x264 AAC Sub(GB,BIG5,JP)].mkv
Tari Tari - CM2 [BDRip 1920x1080 x264 FLAC].mkv
Tari Tari - CM3 [BDRip 1920x1080 x264 FLAC].mkv
Tari Tari - CM4 [BDRip 1920x1080 x264 FLAC].mkv
Tari Tari - Creditless ED ep13 [BDRip 1920x1080 x264 FLAC].mkv
Tari Tari - Creditless ED1 [BDRip 1920x1080 x264 FLAC].mkv
Tari Tari - Creditless ED2 [BDRip 1920x1080 x264 FLAC].mkv
Tari Tari - Creditless OP [BDRip 1920x1080 x264 FLAC].mkv
Tari Tari - sp10 [BDRip 1920x1080 x264 FLAC].mkv
Tari Tari - sp11 [BDRip 1920x1080 x264 FLAC].mkv
Tari Tari - sp12 [BDRip 1920x1080 x264 FLAC].mkv
Tari Tari - sp2 [BDRip 1920x1080 x264 FLAC].mkv
Tari Tari - sp4 [BDRip 1920x1080 x264 FLAC].mkv
Tari Tari - sp6 [BDRip 1920x1080 x264 FLAC].mkv
Tari Tari - sp8 [BDRip 1920x1080 x264 FLAC].mkv
[Kamigami] Tari Tari - 02 [BD 1920x1080 x264 Hi10P FLAC Sub(Chi,Jap)].mkv
[Kamigami] Tari Tari - 05 [BD 1920x1080 x264 Hi10P FLAC Sub(Chi,Jap)].mkv
159
