[Kamigami] Kidou Senshi Gundam UC Unicorn - 04 [BD 1920x1080 x264 AAC Sub(JP,EN,FR,SP,CH)].mkv
[Kamigami] Ore no Imouto ga Konna ni Kawaii Wake ga Nai - 12.5 [BD 1920x1080 x264 FLAC Sub(GB,Big5,Jap)].mkv
[Kamigami] Ore no Imouto ga Konna ni Kawaii Wake ga Nai S2 - 02 [1280x720 x264 AAC Sub(GB,Big5,Jap)].mkv
[Kamigami] Sasami-san at Ganbaranai - 02 [1280x720 x264 AAC Sub(CH,JP)].mkv
[Kamigami] Sasami-san at Ganbaranai - 11 [1280x720 x264 AAC Sub(CH,JP)].mkv
[Kamigami] Sasami-san at Ganbaranai - 12 [1280x720 x264 AAC Sub(CH,JP)].mkv
[Kamigami] Hyouka - 05 (BDrip 1920x1080 x264 Hi10P FLAC).mkv
[Kamigami] Hyouka - 21 (BDrip 1920x1080 x264 Hi10P FLAC).mkv
[Kamigami] JoJo no Kimyou na Bouken - 08 [x264 1280x720 AAC Sub(Chs,Jap)].mkv
[Kamigami] Little Busters! - 03 [1280x720 x264 AAC Sub(GB,BIG5,JP)].mkv
[Kamigami] Little Busters! - 06 [1280x720 x264 AAC Sub(GB,BIG5,JP)].mkv
[Kamigami] Little Busters! - 08 [1280x720 x264 AAC Sub(GB,BIG5,JP)].mkv
[Kamigami] Little Busters! - 13 [1280x720 x264 AAC Sub(GB,BIG5,JP)].mkv
[Kamigami] Little Busters! - 14 [1280x720 x264 AAC Sub(GB,BIG5,JP)].mkv
[Kamigami] Little Busters! - 15 [1280x720 x264 AAC Sub(GB,BIG5,JP)].mkv
[Kamigami] Little Busters! - 16 [1280x720 x264 AAC Sub(GB,BIG5,JP)].mkv
[Kamigami] Little Busters! - 19 [1280x720 x264 AAC Sub(GB,BIG5,JP)].mkv
[Kamigami] Little Busters! - 20 [1280x720 x264 AAC Sub(GB,BIG5,JP)].mkv
[Kamigami] Little Busters! - 21 [1280x720 x264 AAC Sub(GB,BIG5,JP)].mkv
[Kamigami] Little Busters! - 23 [1280x720 x264 AAC Sub(GB,BIG5,JP)].mkv
[Kamigami] Little Busters! - 25 [1280x720 x264 AAC Sub(GB,BIG5,JP)].mkv
[Kamigami] Little Busters! - 26 [1280x720 x264 AAC Sub(GB,BIG5,JP)].mkv
[Kamigami] Maoyuu Maou Yuusha - 04 [1280x720 x264 AAC Sub(CH,JP)].mkv
[Kamigami] MazinKaiser - 02 [DVD 1280×720 x264 FLAC Sub-Big5].mkv
[Kamigami] MazinKaiser - 06 [DVD 1280×720 x264 FLAC Sub-Big5].mkv
[Kamigami] MazinKaiser Special - Go Nagai Interview [DVD 960×720 x264 FLAC Sub-Big5].mkv
[Kamigami] Psycho-Pass - 09 [1280x720 x264 AAC Sub(CH,JP)].mkv
[Kamigami] Psycho-Pass - 01 [1280x720 x264 AAC Sub(CH,JP)].mkv
[Kamigami] Psycho-Pass - 02 [1280x720 x264 AAC Sub(CH,JP)].mkv
[Kamigami] Psycho-Pass - 03 [1280x720 x264 AAC Sub(CH,JP)].mkv
[Kamigami] Psycho-Pass - 04 [1280x720 x264 AAC Sub(CH,JP)].mkv
[Kamigami] Psycho-Pass - 05 [1280x720 x264 AAC Sub(CH,JP)].mkv
[Kamigami] Psycho-Pass - 06 [1280x720 x264 AAC Sub(CH,JP)].mkv
[Kamigami] Psycho-Pass - 07 [1280x720 x264 AAC Sub(CH,JP)].mkv
[Kamigami] Psycho-Pass - 08 [1280x720 x264 AAC Sub(CH,JP)].mkv
[Kamigami] Psycho-Pass - 10 [1280x720 x264 AAC Sub(CH,JP)].mkv
[Kamigami] Psycho-Pass - 11 [1280x720 x264 AAC Sub(CH,JP)].mkv
[Kamigami] Psycho-Pass - 12 [1280x720 x264 AAC Sub(CH,JP)].mkv
[Kamigami] Psycho-Pass - 13 [1280x720 x264 AAC Sub(CH,JP)].mkv
[Kamigami] Psycho-Pass - 14 [1280x720 x264 AAC Sub(CH,JP)].mkv
[Kamigami] Psycho-Pass - 15 [1280x720 x264 AAC Sub(CH,JP)].mkv
[Kamigami] Psycho-Pass - 16 [1280x720 x264 AAC Sub(CH,JP)].mkv
[Kamigami] Psycho-Pass - 17 [1280x720 x264 AAC Sub(CH,JP)].mkv
[Kamigami] Psycho-Pass - 18 [1280x720 x264 AAC Sub(CH,JP)].mkv
[Kamigami] Psycho-Pass - 19 [1280x720 x264 AAC Sub(CH,JP)].mkv
[Kamigami] Psycho-Pass - 20 [1280x720 x264 AAC Sub(CH,JP)].mkv
[Kamigami] Psycho-Pass - 21 [1280x720 x264 AAC Sub(CH,JP)].mkv
[Kamigami] Psycho-Pass - 22 [1280x720 x264 AAC Sub(CH,JP)].mkv
[Kamigami] Boku wa Tomodachi ga Sukunai Next - 01 [1280x720 x264 AAC Sub(CH,JP)].mkv
[Kamigami] Boku wa Tomodachi ga Sukunai Next - 04 [1280x720 x264 AAC Sub(CH,JP)].mkv
[Kamigami] Boku wa Tomodachi ga Sukunai Next - 07 [1280x720 x264 AAC Sub(CH,JP)].mkv
[Kamigami] Boku wa Tomodachi ga Sukunai Next - 09 [1280x720 x264 AAC Sub(CH,JP)].mkv
[Kamigami] Hakkenden-Toho hakken ibun - 04 [1280x720 x264 AAC Sub(Chi,Jap)].mkv
[Kamigami] Hakkenden-Toho hakken ibun - 08 [1280x720 x264 AAC Sub(Chi,Jap)].mkv
[Kamigami] Hakkenden-Toho hakken ibun - 11 [1280x720 x264 AAC Sub(Chi,Jap)].mkv
[Kamigami] Hakkenden-Toho hakken ibun - 12 [1280x720 x264 AAC Sub(Chi,Jap)].mkv
[Kamigami] IS Infinite Stratos - 01 (BD 1920x1080 x264 FLAC).mkv
[Kamigami] IS Infinite Stratos - 04 (BD 1920x1080 x264 FLAC).mkv
[Kamigami] IS Infinite Stratos - 08 (BD 1920x1080 x264 FLAC).mkv
[Kamigami] IS Infinite Stratos - 10 (BD 1920x1080 x264 FLAC).mkv
[Kamigami] IS Infinite Stratos - 12 (BD 1920x1080 x264 FLAC).mkv
[Kamigami] IS Infinite Stratos - OVA (BD 1920x1080 x264 FLAC).mkv
[Kamigami] Ketsuekigata Kun - 01 [1280×720 x264 AAC Sub(Chi,Jap)].mkv
[Kamigami] Ketsuekigata Kun - 02 [1280×720 x264 AAC Sub(Chi,Jap)].mkv
[Kamigami] Ketsuekigata Kun - 03 [1280×720 x264 AAC Sub(Chi,Jap)].mkv
[Kamigami] Ketsuekigata Kun - 04 [1280×720 x264 AAC Sub(Chi,Jap)].mkv
[Kamigami] Ketsuekigata Kun - 05 [1280×720 x264 AAC Sub(Chi,Jap)].mkv
[Kamigami] Ketsuekigata Kun - 06 [1280×720 x264 AAC Sub(Chi,Jap)].mkv
[Kamigami] Ketsuekigata Kun - 07 [1280×720 x264 AAC Sub(Chi,Jap)].mkv
[Kamigami] Ketsuekigata Kun - 08 [1280×720 x264 AAC Sub(Chi,Jap)].mkv
[Kamigami] Ketsuekigata Kun - 09 [1280×720 x264 AAC Sub(Chi,Jap)].mkv
[Kamigami] Ketsuekigata Kun - 10 [1280×720 x264 AAC Sub(Chi,Jap)].mkv
[Kamigami] Ketsuekigata Kun - 11 [1280×720 x264 AAC Sub(Chi,Jap)].mkv
[Kamigami] Ketsuekigata Kun - 12 [1280×720 x264 AAC Sub(Chi,Jap)].mkv
[Kamigami] Elfen_Lied - 02 [BD 1920x1080 x264 DTS-HD(5.1ch,2.0ch,Jap,Eng) Sub(Chs,Cht,Jap,Eng)].mkv
[Kamigami] Elfen_Lied - 06 [BD 1920x1080 x264 DTS-HD(5.1ch,2.0ch,Jap,Eng) Sub(Chs,Cht,Jap,Eng)].mkv
[Kamigami] Elfen_Lied - 10 [BD 1920x1080 x264 DTS-HD(5.1ch,2.0ch,Jap,Eng) Sub(Chs,Cht,Jap,Eng)].mkv
[Kamigami] Elfen_Lied - 12 [BD 1920x1080 x264 DTS-HD(5.1ch,2.0ch,Jap,Eng) Sub(Chs,Cht,Jap,Eng)].mkv
[Kamigami] mawaru penguindrum - 08 [x264 1280x720 AAC Sub(CH,JP)].mkv
[Kamigami] mawaru penguindrum - 01 [x264 1280x720 AAC Sub(CH,JP)].mkv
[Kamigami] mawaru penguindrum - 02 [x264 1280x720 AAC Sub(CH,JP)].mkv
[Kamigami] mawaru penguindrum - 04 [x264 1280x720 AAC Sub(CH,JP)].mkv
[Kamigami] mawaru penguindrum - 05 [x264 1280x720 AAC Sub(CH,JP)].mkv
[Kamigami] mawaru penguindrum - 07 [x264 1280x720 AAC Sub(CH,JP)].mkv
[Kamigami] mawaru penguindrum - 09 [x264 1280x720 AAC Sub(CH,JP)].mkv
[Kamigami] mawaru penguindrum - 10 [x264 1280x720 AAC Sub(CH,JP)].mkv
[Kamigami] mawaru penguindrum - 11 [x264 1280x720 AAC Sub(CH,JP)].mkv
[Kamigami] mawaru penguindrum - 12 [x264 1280x720 AAC Sub(CH,JP)].mkv
[Kamigami] mawaru penguindrum - 16 [x264 1280x720 AAC Sub(CH,JP)].mkv
[Kamigami] mawaru penguindrum - 17 [x264 1280x720 AAC Sub(CH,JP)].mkv
[Kamigami] mawaru penguindrum - 18 [x264 1280x720 AAC Sub(CH,JP)].mkv
[Kamigami] mawaru penguindrum - 19 [x264 1280x720 AAC Sub(CH,JP)].mkv
[Kamigami] mawaru penguindrum - 22 [x264 1280x720 AAC Sub(CH,JP)].mkv
[Kamigami] mawaru penguindrum - 24 [x264 1280x720 AAC Sub(CH,JP)].mkv
[Kamigami] Boku wa Tomodachi ga Sukunai Next - 04 [1280x720 x264 AAC Sub(CH,JP)].mkv
[Kamigami] Boku wa Tomodachi ga Sukunai Next - 09 [1280x720 x264 AAC Sub(CH,JP)].mkv
[Kamigami] Boku wa Tomodachi ga Sukunai Next - 12v2 [1280x720 x264 AAC Sub(CH,JP)].mkv
[Kamigami] Magi - 23 [1280x720 x264 AAC Sub(GB,BIG5,JP)].mkv
[Kamigami] Magi - 24 [1280x720 x264 AAC Sub(GB,BIG5,JP)].mkv
[Kamigami] Bakuman 3 - 01v2 [1280x720 x264 AAC Sub(GB,BIG5,JP)].mkv
[Kamigami] Bakuman 3 - 03 [1280x720 x264 AAC Sub(GB,BIG5,JP)].mkv
[Kamigami] Bakuman 3 - 10 [1280x720 x264 AAC Sub(GB,BIG5,JP)].mkv
[Kamigami] Bakuman 3 - 16 [1280x720 x264 AAC Sub(GB,BIG5,JP)].mkv
[Kamigami] Shirokuma Cafe - 18 [1280x720 x264 AAC Sub(GB,BIG5,JP).mkv
[Kamigami] Tari Tari - 10 [BD 1920x1080 x264 AAC Sub(Chi,Jap)].mkv
[Kamigami] Tamako Market - 03 [1280x720 x264 AAC Sub(GB,BIG5,JP)].mkv
[Kamigami] Tamako Market - 04 [1280x720 x264 AAC Sub(GB,BIG5,JP)].mkv
[Kamigami] Tamako Market - 08 [1280x720 x264 AAC Sub(GB,BIG5,JP)].mkv
[Kamigami] Tari Tari - 08 [BD 1920x1080 x264 Hi10P FLAC Sub(Chi,Jap)].mkv
[Kamigami] Amagami SS+Plus - 10 (BD 1920x1080 x264 FLAC).mkv
[Kamigami] 红の豚 Kurenai no Buta Porco Rosso 1992 [BD x264 1280×720 AAC Sub(Chs,Jap,Man,Can,Eng,Fre,Ger,Kor)].mkv
111
